Flutter crash report.
Please report a bug at https://github.com/flutter/flutter/issues.

## command

flutter debug_adapter

## exception

RPCError: getIsolate: (-32603) Unexpected DWDS error for getIsolate: Bad state: No running isolate (inspector is not set).

```
#0      new _OutstandingRequest (package:vm_service/src/vm_service.dart:265:34)
#1      VmService._call.<anonymous closure> (package:vm_service/src/vm_service.dart:1921:25)
#2      VmService._call (package:vm_service/src/vm_service.dart:1933:8)
#3      VmService.getIsolate (package:vm_service/src/vm_service.dart:1009:7)
#4      IsolateManager._sendLibraryDebuggables (package:dds/src/dap/isolate_manager.dart:1034:35)
#5      IsolateManager._configureIsolate (package:dds/src/dap/isolate_manager.dart:555:9)
#6      IsolateManager.registerIsolate (package:dds/src/dap/isolate_manager.dart:246:13)
#7      IsolateManager.handleEvent (package:dds/src/dap/isolate_manager.dart:189:13)
#8      DartDebugAdapter.handleIsolateEvent (package:dds/src/dap/adapters/dart.dart:2488:26)
<asynchronous suspension>
#9      DartDebugAdapter._withErrorHandling (package:dds/src/dap/adapters/dart.dart:2819:14)
<asynchronous suspension>
```

## flutter doctor

```
[!] Flutter (Channel stable, 3.32.0, on Microsoft Windows [Version 10.0.26100.4061], locale en-IN) [2.8s]
    • Flutter version 3.32.0 on channel stable at C:\Users\Prem Kumar\Downloads\flutter_windows_3.32.0-stable\flutter
    ! The flutter binary is not on your path. Consider adding C:\Users\Prem Kumar\Downloads\flutter_windows_3.32.0-stable\flutter\bin to your path.
    ! Warning: `dart` on your path resolves to C:\Program Files\Dart\dart-sdk\bin\dart.exe, which is not inside your current Flutter SDK checkout at C:\Users\Prem Kumar\Downloads\flutter_windows_3.32.0-stable\flutter. Consider adding C:\Users\Prem Kumar\Downloads\flutter_windows_3.32.0-stable\flutter\bin to the front of your path.
    • Upstream repository https://github.com/flutter/flutter.git
    • Framework revision be698c48a6 (4 days ago), 2025-05-19 12:59:14 -0700
    • Engine revision 1881800949
    • Dart version 3.8.0
    • DevTools version 2.45.1
    • If those were intentional, you can disregard the above warnings; however it is recommended to use "git" directly to perform update checks and upgrades.

[✓] Windows Version (11 Home Single Language 64-bit, 24H2, 2009) [5.8s]

[!] Android toolchain - develop for Android devices (Android SDK version 35.0.1) [1,304ms]
    • Android SDK at C:\Users\Prem Kumar\AppData\Local\Android\sdk
    ✗ cmdline-tools component is missing.
      Try installing or updating Android Studio.
      Alternatively, download the tools from https://developer.android.com/studio#command-line-tools-only and make sure to set the ANDROID_HOME environment variable.
      See https://developer.android.com/studio/command-line for more details.
    ✗ Android license status unknown.
      Run `flutter doctor --android-licenses` to accept the SDK licenses.
      See https://flutter.dev/to/windows-android-setup for more details.

[✓] Chrome - develop for the web [530ms]
    • Chrome at C:\Program Files\Google\Chrome\Application\chrome.exe

[✗] Visual Studio - develop Windows apps [528ms]
    ✗ Visual Studio not installed; this is necessary to develop Windows apps.
      Download at https://visualstudio.microsoft.com/downloads/.
      Please install the "Desktop development with C++" workload, including all of its default components

[✓] Android Studio (version 2024.3.2) [86ms]
    • Android Studio at C:\Program Files\Android\Android Studio
    • Flutter plugin can be installed from:
      🔨 https://plugins.jetbrains.com/plugin/9212-flutter
    • Dart plugin can be installed from:
      🔨 https://plugins.jetbrains.com/plugin/6351-dart
    • Java version OpenJDK Runtime Environment (build 21.0.6+-13368085-b895.109)

[✓] VS Code (version 1.100.2) [30ms]
    • VS Code at C:\Users\Prem Kumar\AppData\Local\Programs\Microsoft VS Code
    • Flutter extension version 3.110.0

[✓] Connected device (4 available) [1,186ms]
    • sdk gphone64 x86 64 (mobile) • emulator-5554 • android-x64    • Android 16 (API 36) (emulator)
    • Windows (desktop)            • windows       • windows-x64    • Microsoft Windows [Version 10.0.26100.4061]
    • Chrome (web)                 • chrome        • web-javascript • Google Chrome 136.0.7103.114
    • Edge (web)                   • edge          • web-javascript • Microsoft Edge 136.0.3240.76

[✓] Network resources [1,263ms]
    • All expected network resources are available.

! Doctor found issues in 3 categories.
```
